<test-run 
    id="1" 
    name="testRun" 
    fullname="" 
    testcasecount="" 
    result="" 
    time="" 
    total="" 
    passed="" 
    failed="" 
    inconclusive="" 
    skipped="" 
    asserts="" 
    run-date="" 
    start-time="">

    <test-suite 
        type="" 
        id="1" 
        name="testSuite" 
        fullname="" 
        testcasecount="" 
        result="" 
        time="" 
        total="" 
        passed="" 
        failed="" 
        inconclusive="" 
        skipped="" 
        asserts="">
    
        
    
    
            <test-suite 
                type="" 
                id="1" 
                name="testSuite" 
                fullname="" 
                testcasecount="" 
                result="" 
                time="" 
                total="" 
                passed="" 
                failed="" 
                inconclusive="" 
                skipped="" 
                asserts="">
            
                
            
            
            
            </test-suite>
    
    </test-suite>

</test-run>